<?xml version="1.0" encoding="UTF-8"?>
<!-- Generated by org.testng.reporters.JUnitReportReporter -->
<testsuite hostname="Youngs-MacBook-Pro.local" name="main.java.com.dbyl.tests.JDaddress" tests="1" failures="0" timestamp="21 Nov 2016 14:40:11 GMT" time="19.336" errors="0">
  <testcase name="testJD" time="19.336" classname="main.java.com.dbyl.tests.JDaddress"/>
</testsuite> <!-- main.java.com.dbyl.tests.JDaddress -->
